<?xml version="1.0" encoding="UTF-8"?>
<!-- Generated by org.testng.reporters.JUnitReportReporter -->
<testsuite hostname="VIJAY-PC" failures="0" tests="1" name="com.inetbanking.testCases.TC1_LoginTest_001" time="6.726" errors="0" timestamp="02 Jun 2022 18:50:57 GMT" skipped="0">
  <testcase classname="com.inetbanking.testCases.TC1_LoginTest_001" name="LoginTest" time="6.726"/>
</testsuite> <!-- com.inetbanking.testCases.TC1_LoginTest_001 -->
