<?xml version="1.0" encoding="UTF-8"?>
<!-- Generated by org.testng.reporters.JUnitReportReporter -->
<testsuite hostname="VIJAY-PC" failures="0" tests="1" name="com.inetbanking.testCases.TC_AddCustomerTest_003" time="22.175" errors="0" timestamp="03 Jun 2022 09:10:32 GMT" skipped="0">
  <testcase classname="com.inetbanking.testCases.TC_AddCustomerTest_003" name="addNewCustomer" time="22.175"/>
</testsuite> <!-- com.inetbanking.testCases.TC_AddCustomerTest_003 -->
