<?xml version="1.0" encoding="UTF-8"?>
<!-- Generated by org.testng.reporters.JUnitReportReporter -->
<testsuite hostname="VIJAY-PC" failures="0" tests="1" name="com.inetbanking.testCases.TC1_LoginTest_001" time="3.604" errors="0" timestamp="03 Jun 2022 11:48:09 GMT" skipped="0">
  <testcase classname="com.inetbanking.testCases.TC1_LoginTest_001" name="LoginTest" time="3.604"/>
</testsuite> <!-- com.inetbanking.testCases.TC1_LoginTest_001 -->
